build/app/outputs/mapping/release/mapping.txt
# compiler: R8
# compiler_version: 1.5.69
# min_api: 16
# pg_map_id: 9fca99d
...
com.google.android.gms.common.internal.BaseGmsClient$BaseOnConnectionFailedListener -> com.google.android.gms.common.internal.c$b:
    void onConnectionFailed(com.google.android.gms.common.ConnectionResult) -> a
com.google.android.gms.common.internal.BaseGmsClient$ConnectionProgressReportCallbacks -> com.google.android.gms.common.internal.c$c:
    void onReportServiceBinding(com.google.android.gms.common.ConnectionResult) -> a
com.google.android.gms.common.internal.BaseGmsClient$LegacyClientCallbackAdapter -> com.google.android.gms.common.internal.c$d:
    com.google.android.gms.common.internal.BaseGmsClient zzcg -> a
    void onReportServiceBinding(com.google.android.gms.common.ConnectionResult) -> a
com.google.android.gms.common.internal.BaseGmsClient$SignOutCallbacks -> com.google.android.gms.common.internal.c$e:
    void onSignOutComplete() -> a
com.google.android.gms.common.internal.BaseGmsClient$zza -> com.google.android.gms.common.internal.c$f:
    android.os.Bundle zzcf -> e
    int statusCode -> d
    com.google.android.gms.common.internal.BaseGmsClient zzcg -> f
    void zza(com.google.android.gms.common.ConnectionResult) -> a
    void zza(java.lang.Object) -> a
    void zzk() -> c
    boolean zzj() -> e
com.google.android.gms.common.internal.BaseGmsClient$zzb -> com.google.android.gms.common.internal.c$g:
    java.lang.Object zzdg -> a
    boolean zzdh -> b
    com.google.android.gms.common.internal.BaseGmsClient zzcg -> c
    void removeListener() -> a
    void zza(java.lang.Object) -> a
    void unregister() -> b
    void zzk() -> c
    void zzo() -> d
com.google.android.gms.common.internal.BaseGmsClient$zzc -> com.google.android.gms.common.internal.c$h:
    com.google.android.gms.common.internal.BaseGmsClient zzcg -> a
    void zza(android.os.Message) -> a
    boolean zzb(android.os.Message) -> b
com.google.android.gms.common.internal.BaseGmsClient$zzd -> com.google.android.gms.common.internal.c$i:
    com.google.android.gms.common.internal.BaseGmsClient zzdi -> a
    int zzdj -> b
    void onPostInitComplete(int,android.os.IBinder,android.os.Bundle) -> a
    void zza(int,android.os.Bundle) -> a
    void zza(int,android.os.IBinder,com.google.android.gms.common.internal.zza) -> a
com.google.android.gms.common.internal.BaseGmsClient$zze -> com.google.android.gms.common.internal.c$j:
    com.google.android.gms.common.internal.BaseGmsClient zzcg -> b
    int zzdj -> a
com.google.android.gms.common.internal.BaseGmsClient$zzf -> com.google.android.gms.common.internal.c$k:
    com.google.android.gms.common.internal.BaseGmsClient zzcg -> g
    void zza(com.google.android.gms.common.ConnectionResult) -> a
    boolean zzj() -> e
com.google.android.gms.common.internal.BaseGmsClient$zzg -> com.google.android.gms.common.internal.c$l:
    android.os.IBinder zzdk -> g
    com.google.android.gms.common.internal.BaseGmsClient zzcg -> h
    void zza(com.google.android.gms.common.ConnectionResult) -> a
    boolean zzj() -> e